Determining if the pthread_create exist failed with the following output:
Change Dir: /work/juan/proj_others/V4PCS/cmake-build-debug/CMakeFiles/CMakeTmp

Run Build Command:"/usr/bin/make" "cmTC_a5b3b/fast"
/usr/bin/make -f CMakeFiles/cmTC_a5b3b.dir/build.make CMakeFiles/cmTC_a5b3b.dir/build
make[1]: Entering directory '/work/juan/proj_others/V4PCS/cmake-build-debug/CMakeFiles/CMakeTmp'
Building C object CMakeFiles/cmTC_a5b3b.dir/CheckSymbolExists.c.o
/usr/bin/cc    -o CMakeFiles/cmTC_a5b3b.dir/CheckSymbolExists.c.o   -c /work/juan/proj_others/V4PCS/cmake-build-debug/CMakeFiles/CMakeTmp/CheckSymbolExists.c
Linking C executable cmTC_a5b3b
/work/juan/mozilla_duj0/clion-2018.1.1/bin/cmake/bin/cmake -E cmake_link_script CMakeFiles/cmTC_a5b3b.dir/link.txt --verbose=1
/usr/bin/cc      -rdynamic CMakeFiles/cmTC_a5b3b.dir/CheckSymbolExists.c.o  -o cmTC_a5b3b 
CMakeFiles/cmTC_a5b3b.dir/CheckSymbolExists.c.o: In function `main':
CheckSymbolExists.c:(.text+0x16): undefined reference to `pthread_create'
collect2: error: ld returned 1 exit status
CMakeFiles/cmTC_a5b3b.dir/build.make:97: recipe for target 'cmTC_a5b3b' failed
make[1]: *** [cmTC_a5b3b] Error 1
make[1]: Leaving directory '/work/juan/proj_others/V4PCS/cmake-build-debug/CMakeFiles/CMakeTmp'
Makefile:126: recipe for target 'cmTC_a5b3b/fast' failed
make: *** [cmTC_a5b3b/fast] Error 2

File /work/juan/proj_others/V4PCS/cmake-build-debug/CMakeFiles/CMakeTmp/CheckSymbolExists.c:
/* */
#include <pthread.h>

int main(int argc, char** argv)
{
  (void)argv;
#ifndef pthread_create
  return ((int*)(&pthread_create))[argc];
#else
  (void)argc;
  return 0;
#endif
}

Determining if the function pthread_create exists in the pthreads failed with the following output:
Change Dir: /work/juan/proj_others/V4PCS/cmake-build-debug/CMakeFiles/CMakeTmp

Run Build Command:"/usr/bin/make" "cmTC_30422/fast"
/usr/bin/make -f CMakeFiles/cmTC_30422.dir/build.make CMakeFiles/cmTC_30422.dir/build
make[1]: Entering directory '/work/juan/proj_others/V4PCS/cmake-build-debug/CMakeFiles/CMakeTmp'
Building C object CMakeFiles/cmTC_30422.dir/CheckFunctionExists.c.o
/usr/bin/cc   -DCHECK_FUNCTION_EXISTS=pthread_create   -o CMakeFiles/cmTC_30422.dir/CheckFunctionExists.c.o   -c /work/juan/mozilla_duj0/clion-2018.1.1/bin/cmake/share/cmake-3.10/Modules/CheckFunctionExists.c
Linking C executable cmTC_30422
/work/juan/mozilla_duj0/clion-2018.1.1/bin/cmake/bin/cmake -E cmake_link_script CMakeFiles/cmTC_30422.dir/link.txt --verbose=1
/usr/bin/cc  -DCHECK_FUNCTION_EXISTS=pthread_create    -rdynamic CMakeFiles/cmTC_30422.dir/CheckFunctionExists.c.o  -o cmTC_30422 -lpthreads 
/usr/bin/ld: cannot find -lpthreads
collect2: error: ld returned 1 exit status
CMakeFiles/cmTC_30422.dir/build.make:97: recipe for target 'cmTC_30422' failed
make[1]: *** [cmTC_30422] Error 1
make[1]: Leaving directory '/work/juan/proj_others/V4PCS/cmake-build-debug/CMakeFiles/CMakeTmp'
Makefile:126: recipe for target 'cmTC_30422/fast' failed
make: *** [cmTC_30422/fast] Error 2


